[debug] [2024-02-28T19:53:01.452Z] ----------------------------------------------------------------------
[debug] [2024-02-28T19:53:01.454Z] Command:       C:\Program Files\nodejs\node.exe C:\Users\Cathy\AppData\Roaming\npm\node_modules\firebase-tools\lib\bin\firebase.js init
[debug] [2024-02-28T19:53:01.454Z] CLI Version:   13.4.0
[debug] [2024-02-28T19:53:01.454Z] Platform:      win32
[debug] [2024-02-28T19:53:01.454Z] Node Version:  v18.18.0
[debug] [2024-02-28T19:53:01.455Z] Time:          Wed Feb 28 2024 11:53:01 GMT-0800 (北美太平洋标准时间)
[debug] [2024-02-28T19:53:01.455Z] ----------------------------------------------------------------------
[debug] 
[debug] [2024-02-28T19:53:01.459Z] > command requires scopes: ["email","openid","https://www.googleapis.com/auth/cloudplatformprojects.readonly","https://www.googleapis.com/auth/firebase","https://www.googleapis.com/auth/cloud-platform"]
[debug] [2024-02-28T19:53:01.459Z] > authorizing via signed-in user (siyuan20011205@gmail.com)
[info] 
     ######## #### ########  ######## ########     ###     ######  ########
     ##        ##  ##     ## ##       ##     ##  ##   ##  ##       ##
     ######    ##  ########  ######   ########  #########  ######  ######
     ##        ##  ##    ##  ##       ##     ## ##     ##       ## ##
     ##       #### ##     ## ######## ########  ##     ##  ######  ########

You're about to initialize a Firebase project in this directory:

  D:\Study\NEU\CS5010\Code\shopping-cart

[info] 
=== Project Setup
[info] 
[info] First, let's associate this project directory with a Firebase project.
[info] You can create multiple project aliases by running firebase use --add, 
[info] but for now we'll just set up a default project.
[info] 
[debug] [2024-02-28T19:54:02.540Z] >>> [apiv2][query] GET https://firebase.googleapis.com/v1beta1/projects pageSize=100
[debug] [2024-02-28T19:54:02.988Z] <<< [apiv2][status] GET https://firebase.googleapis.com/v1beta1/projects 200
[debug] [2024-02-28T19:54:02.988Z] <<< [apiv2][body] GET https://firebase.googleapis.com/v1beta1/projects [omitted]
[info] i  Using project cs5010-hw3 (CS5010-HW3) 
[info] 
=== Firestore Setup
[debug] [2024-02-28T19:54:06.637Z] >>> [apiv2][query] GET https://serviceusage.googleapis.com/v1/projects/cs5010-hw3/services/firestore.googleapis.com [none]
[debug] [2024-02-28T19:54:06.637Z] >>> [apiv2][(partial)header] GET https://serviceusage.googleapis.com/v1/projects/cs5010-hw3/services/firestore.googleapis.com x-goog-quota-user=projects/cs5010-hw3
[debug] [2024-02-28T19:54:07.139Z] <<< [apiv2][status] GET https://serviceusage.googleapis.com/v1/projects/cs5010-hw3/services/firestore.googleapis.com 200
[debug] [2024-02-28T19:54:07.140Z] <<< [apiv2][body] GET https://serviceusage.googleapis.com/v1/projects/cs5010-hw3/services/firestore.googleapis.com [omitted]
[debug] [2024-02-28T19:54:07.141Z] >>> [apiv2][query] GET https://firestore.googleapis.com/v1/projects/cs5010-hw3/databases/(default) [none]
[debug] [2024-02-28T19:54:07.546Z] <<< [apiv2][status] GET https://firestore.googleapis.com/v1/projects/cs5010-hw3/databases/(default) 200
[debug] [2024-02-28T19:54:07.547Z] <<< [apiv2][body] GET https://firestore.googleapis.com/v1/projects/cs5010-hw3/databases/(default) {"name":"projects/cs5010-hw3/databases/(default)","uid":"062d1c58-d4aa-44eb-a33a-68cc45f26487","createTime":"2024-02-28T19:44:15.347585Z","updateTime":"2024-02-28T19:44:15.347585Z","locationId":"nam5","type":"FIRESTORE_NATIVE","concurrencyMode":"PESSIMISTIC","versionRetentionPeriod":"3600s","earliestVersionTime":"2024-02-28T19:44:15.347585Z","appEngineIntegrationMode":"DISABLED","keyPrefix":"s","pointInTimeRecoveryEnablement":"POINT_IN_TIME_RECOVERY_DISABLED","deleteProtectionState":"DELETE_PROTECTION_DISABLED","etag":"INfQyIvozoQDML70yOTmzoQD"}
[debug] [2024-02-28T19:54:07.547Z] database_type: FIRESTORE_NATIVE
[debug] [2024-02-28T19:54:07.548Z] > command requires scopes: ["email","openid","https://www.googleapis.com/auth/cloudplatformprojects.readonly","https://www.googleapis.com/auth/firebase","https://www.googleapis.com/auth/cloud-platform"]
[debug] [2024-02-28T19:54:07.548Z] > authorizing via signed-in user (siyuan20011205@gmail.com)
[debug] [2024-02-28T19:54:07.548Z] [iam] checking project cs5010-hw3 for permissions ["firebase.projects.get"]
[debug] [2024-02-28T19:54:07.549Z] >>> [apiv2][query] POST https://cloudresourcemanager.googleapis.com/v1/projects/cs5010-hw3:testIamPermissions [none]
[debug] [2024-02-28T19:54:07.549Z] >>> [apiv2][(partial)header] POST https://cloudresourcemanager.googleapis.com/v1/projects/cs5010-hw3:testIamPermissions x-goog-quota-user=projects/cs5010-hw3
[debug] [2024-02-28T19:54:07.549Z] >>> [apiv2][body] POST https://cloudresourcemanager.googleapis.com/v1/projects/cs5010-hw3:testIamPermissions {"permissions":["firebase.projects.get"]}
[debug] [2024-02-28T19:54:07.830Z] <<< [apiv2][status] POST https://cloudresourcemanager.googleapis.com/v1/projects/cs5010-hw3:testIamPermissions 200
[debug] [2024-02-28T19:54:07.830Z] <<< [apiv2][body] POST https://cloudresourcemanager.googleapis.com/v1/projects/cs5010-hw3:testIamPermissions {"permissions":["firebase.projects.get"]}
[info] 
[info] Firestore Security Rules allow you to define how and when to allow
[info] requests. You can keep these rules in your project directory
[info] and publish them with firebase deploy.
[info] 
[debug] [2024-02-28T19:54:16.808Z] >>> [apiv2][query] GET https://firebaserules.googleapis.com/v1/projects/cs5010-hw3/releases pageSize=10&pageToken=
[debug] [2024-02-28T19:54:17.200Z] <<< [apiv2][status] GET https://firebaserules.googleapis.com/v1/projects/cs5010-hw3/releases 200
[debug] [2024-02-28T19:54:17.201Z] <<< [apiv2][body] GET https://firebaserules.googleapis.com/v1/projects/cs5010-hw3/releases {"releases":[{"name":"projects/cs5010-hw3/releases/cloud.firestore","rulesetName":"projects/cs5010-hw3/rulesets/54392c62-04f3-425f-9dfc-1509716209dd","createTime":"2024-02-28T19:44:20.292080Z","updateTime":"2024-02-28T19:44:20.292080Z"}]}
[debug] [2024-02-28T19:54:17.201Z] Found ruleset: projects/cs5010-hw3/rulesets/54392c62-04f3-425f-9dfc-1509716209dd
[debug] [2024-02-28T19:54:17.202Z] >>> [apiv2][query] GET https://firebaserules.googleapis.com/v1/projects/cs5010-hw3/rulesets/54392c62-04f3-425f-9dfc-1509716209dd [none]
[debug] [2024-02-28T19:54:17.574Z] <<< [apiv2][status] GET https://firebaserules.googleapis.com/v1/projects/cs5010-hw3/rulesets/54392c62-04f3-425f-9dfc-1509716209dd 200
[debug] [2024-02-28T19:54:17.574Z] <<< [apiv2][body] GET https://firebaserules.googleapis.com/v1/projects/cs5010-hw3/rulesets/54392c62-04f3-425f-9dfc-1509716209dd [omitted]
[info] 
[info] Firestore indexes allow you to perform complex queries while
[info] maintaining performance that scales with the size of the result
[info] set. You can keep index definitions in your project directory
[info] and publish them with firebase deploy.
[info] 
[debug] [2024-02-28T19:54:19.857Z] >>> [apiv2][query] GET https://firestore.googleapis.com/v1/projects/cs5010-hw3/databases/(default)/collectionGroups/-/indexes [none]
[debug] [2024-02-28T19:54:19.858Z] >>> [apiv2][query] GET https://firestore.googleapis.com/v1/projects/cs5010-hw3/databases/(default)/collectionGroups/-/fields?filter=indexConfig.usesAncestorConfig=false OR ttlConfig:* [none]
[debug] [2024-02-28T19:54:20.254Z] <<< [apiv2][status] GET https://firestore.googleapis.com/v1/projects/cs5010-hw3/databases/(default)/collectionGroups/-/fields?filter=indexConfig.usesAncestorConfig=false OR ttlConfig:* 200
[debug] [2024-02-28T19:54:20.255Z] <<< [apiv2][body] GET https://firestore.googleapis.com/v1/projects/cs5010-hw3/databases/(default)/collectionGroups/-/fields?filter=indexConfig.usesAncestorConfig=false OR ttlConfig:* {"fields":[{"name":"projects/cs5010-hw3/databases/(default)/collectionGroups/__default__/fields/*","indexConfig":{"indexes":[{"queryScope":"COLLECTION","fields":[{"fieldPath":"*","order":"ASCENDING"}],"state":"READY"},{"queryScope":"COLLECTION","fields":[{"fieldPath":"*","order":"DESCENDING"}],"state":"READY"},{"queryScope":"COLLECTION","fields":[{"fieldPath":"*","arrayConfig":"CONTAINS"}],"state":"READY"}]}}]}
[debug] [2024-02-28T19:54:20.268Z] <<< [apiv2][status] GET https://firestore.googleapis.com/v1/projects/cs5010-hw3/databases/(default)/collectionGroups/-/indexes 200
[debug] [2024-02-28T19:54:20.268Z] <<< [apiv2][body] GET https://firestore.googleapis.com/v1/projects/cs5010-hw3/databases/(default)/collectionGroups/-/indexes {}
[info] 
=== Hosting Setup
[debug] [2024-02-28T19:54:20.271Z] >>> [apiv2][query] GET https://firebase.googleapis.com/v1beta1/projects/cs5010-hw3 [none]
[debug] [2024-02-28T19:54:20.763Z] <<< [apiv2][status] GET https://firebase.googleapis.com/v1beta1/projects/cs5010-hw3 200
[debug] [2024-02-28T19:54:20.764Z] <<< [apiv2][body] GET https://firebase.googleapis.com/v1beta1/projects/cs5010-hw3 {"projectId":"cs5010-hw3","projectNumber":"836049563833","displayName":"CS5010-HW3","name":"projects/cs5010-hw3","resources":{"hostingSite":"cs5010-hw3"},"state":"ACTIVE","etag":"1_f0e76540-a3dd-4a79-b808-0d86f9f007c4"}
[info] 
[info] Your public directory is the folder (relative to your project directory) that
[info] will contain Hosting assets to be uploaded with firebase deploy. If you
[info] have a build process for your assets, use your build's output directory.
[info] 
[debug] [2024-02-28T19:54:39.382Z] >>> [apiv2][query] GET https://www.gstatic.com/firebasejs/releases.json [none]
[debug] [2024-02-28T19:54:39.596Z] <<< [apiv2][status] GET https://www.gstatic.com/firebasejs/releases.json 200
[debug] [2024-02-28T19:54:39.596Z] <<< [apiv2][body] GET https://www.gstatic.com/firebasejs/releases.json {"current":{"version":"10.8.0","browserURL":"https://www.gstatic.com/firebasejs/10.8.0/firebase.js","packageURL":"https://www.gstatic.com/firebasejs/10.8.0/firebase.tgz"},"live":{"version":"10.8","browserURL":"https://www.gstatic.com/firebasejs/live/10.8/firebase.js","packageURL":"https://www.gstatic.com/firebasejs/live/10.8/firebase.tgz"},"components":{"analytics":"https://www.gstatic.com/firebasejs/10.8.0/firebase-analytics.js","app":"https://www.gstatic.com/firebasejs/10.8.0/firebase-app.js","app-check":"https://www.gstatic.com/firebasejs/10.8.0/firebase-app-check.js","auth":"https://www.gstatic.com/firebasejs/10.8.0/firebase-auth.js","auth/cordova":"https://www.gstatic.com/firebasejs/10.8.0/firebase-auth/cordova.js","auth/web-extension":"https://www.gstatic.com/firebasejs/10.8.0/firebase-auth/web-extension.js","functions":"https://www.gstatic.com/firebasejs/10.8.0/firebase-functions.js","firestore":"https://www.gstatic.com/firebasejs/10.8.0/firebase-firestore.js","firestore/lite":"https://www.gstatic.com/firebasejs/10.8.0/firebase-firestore/lite.js","installations":"https://www.gstatic.com/firebasejs/10.8.0/firebase-installations.js","storage":"https://www.gstatic.com/firebasejs/10.8.0/firebase-storage.js","performance":"https://www.gstatic.com/firebasejs/10.8.0/firebase-performance.js","remote-config":"https://www.gstatic.com/firebasejs/10.8.0/firebase-remote-config.js","messaging":"https://www.gstatic.com/firebasejs/10.8.0/firebase-messaging.js","messaging/sw":"https://www.gstatic.com/firebasejs/10.8.0/firebase-messaging/sw.js","database":"https://www.gstatic.com/firebasejs/10.8.0/firebase-database.js","firestore.memory":"https://www.gstatic.com/firebasejs/10.8.0/firebase-firestore.memory.js"}}
[info] +  Wrote public/index.html 
[info] 
[info] i  Detected a .git folder at D:\Study\NEU\CS5010\Code\shopping-cart 
[info] i  Authorizing with GitHub to upload your service account to a GitHub repository's secrets store. 
[info] 
[info] Visit this URL on this device to log in:
[info] https://github.com/login/oauth/authorize?client_id=89cf50f02ac6aaed3484&state=641145905&redirect_uri=http%3A%2F%2Flocalhost%3A9005&scope=read%3Auser%20repo%20public_repo
[info] 
[info] Waiting for authentication...
[debug] [2024-02-28T19:54:43.742Z] >>> [apiv2][query] POST https://github.com/login/oauth/access_token [none]
[debug] [2024-02-28T19:54:43.742Z] >>> [apiv2][body] POST https://github.com/login/oauth/access_token [stream]
[debug] [2024-02-28T19:54:44.011Z] <<< [apiv2][status] POST https://github.com/login/oauth/access_token 200
[debug] [2024-02-28T19:54:44.011Z] <<< [apiv2][body] POST https://github.com/login/oauth/access_token {"access_token":"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","token_type":"bearer","scope":"read:user,repo"}
[debug] [2024-02-28T19:54:44.017Z] >>> [apiv2][query] GET https://api.github.com/user [none]
[debug] [2024-02-28T19:54:44.276Z] <<< [apiv2][status] GET https://api.github.com/user 200
[debug] [2024-02-28T19:54:44.277Z] <<< [apiv2][body] GET https://api.github.com/user {"login":"Cathenax","id":86466699,"node_id":"MDQ6VXNlcjg2NDY2Njk5","avatar_url":"https://avatars.githubusercontent.com/u/86466699?v=4","gravatar_id":"","url":"https://api.github.com/users/Cathenax","html_url":"https://github.com/Cathenax","followers_url":"https://api.github.com/users/Cathenax/followers","following_url":"https://api.github.com/users/Cathenax/following{/other_user}","gists_url":"https://api.github.com/users/Cathenax/gists{/gist_id}","starred_url":"https://api.github.com/users/Cathenax/starred{/owner}{/repo}","subscriptions_url":"https://api.github.com/users/Cathenax/subscriptions","organizations_url":"https://api.github.com/users/Cathenax/orgs","repos_url":"https://api.github.com/users/Cathenax/repos","events_url":"https://api.github.com/users/Cathenax/events{/privacy}","received_events_url":"https://api.github.com/users/Cathenax/received_events","type":"User","site_admin":false,"name":null,"company":null,"blog":"","location":null,"email":null,"hireable":null,"bio":null,"twitter_username":null,"public_repos":8,"public_gists":0,"followers":0,"following":0,"created_at":"2021-06-25T08:22:21Z","updated_at":"2024-02-05T22:01:57Z","private_gists":0,"total_private_repos":1,"owned_private_repos":1,"disk_usage":15032,"collaborators":0,"two_factor_authentication":false,"plan":{"name":"free","space":976562499,"collaborators":0,"private_repos":10000}}
[info] 
[info] +  Success! Logged into GitHub as Cathenax 
[info] 
